Build output check failed:
    Regex: 'argument .* is not valid'
    Output line: 'cc1: warning: ‘-Werror=’ argument ‘-Werror=non-virtual-dtor’ is not valid for C'
Compilation failed:
    source file: '/home/josemiguel/Documentos/TFG/desktop_version/example-standalone-inferencing/example-standalone-inferencing-linux/opencv/build_opencv/CMakeFiles/CMakeTmp/src.c'
    check option: ' -fsigned-char -W -Wall -Werror=return-type  -Werror=non-virtual-dtor'
===== BUILD LOG =====
Change Dir: /home/josemiguel/Documentos/TFG/desktop_version/example-standalone-inferencing/example-standalone-inferencing-linux/opencv/build_opencv/CMakeFiles/CMakeTmp

Run Build Command(s):/usr/bin/gmake -f Makefile cmTC_c3832/fast && /usr/bin/gmake  -f CMakeFiles/cmTC_c3832.dir/build.make CMakeFiles/cmTC_c3832.dir/build
gmake[1]: se entra en el directorio '/home/josemiguel/Documentos/TFG/desktop_version/example-standalone-inferencing/example-standalone-inferencing-linux/opencv/build_opencv/CMakeFiles/CMakeTmp'
Building C object CMakeFiles/cmTC_c3832.dir/src.c.o
/usr/bin/cc   -O3 -DNDEBUG -fPIE    -fsigned-char -W -Wall -Werror=return-type  -Werror=non-virtual-dtor -o CMakeFiles/cmTC_c3832.dir/src.c.o -c /home/josemiguel/Documentos/TFG/desktop_version/example-standalone-inferencing/example-standalone-inferencing-linux/opencv/build_opencv/CMakeFiles/CMakeTmp/src.c
cc1: warning: ‘-Werror=’ argument ‘-Werror=non-virtual-dtor’ is not valid for C
/home/josemiguel/Documentos/TFG/desktop_version/example-standalone-inferencing/example-standalone-inferencing-linux/opencv/build_opencv/CMakeFiles/CMakeTmp/src.c:1: warning: ignoring ‘#pragma  ’ [-Wunknown-pragmas]
    1 | #pragma
      | 
Linking C executable cmTC_c3832
/usr/bin/cmake -E cmake_link_script CMakeFiles/cmTC_c3832.dir/link.txt --verbose=1
/usr/bin/cc -O3 -DNDEBUG CMakeFiles/cmTC_c3832.dir/src.c.o -o cmTC_c3832 
gmake[1]: se sale del directorio '/home/josemiguel/Documentos/TFG/desktop_version/example-standalone-inferencing/example-standalone-inferencing-linux/opencv/build_opencv/CMakeFiles/CMakeTmp'


===== END =====

Build output check failed:
    Regex: 'command[- ]line option .* is valid for .* but not for C\+\+'
    Output line: 'cc1plus: warning: command-line option ‘-Wmissing-prototypes’ is valid for C/ObjC but not for C++'
Compilation failed:
    source file: '/home/josemiguel/Documentos/TFG/desktop_version/example-standalone-inferencing/example-standalone-inferencing-linux/opencv/build_opencv/CMakeFiles/CMakeTmp/src.cxx'
    check option: ' -fsigned-char -W -Wall -Werror=return-type -Werror=non-virtual-dtor -Werror=address -Werror=sequence-point -Wformat -Werror=format-security -Wmissing-declarations  -Wmissing-prototypes'
===== BUILD LOG =====
Change Dir: /home/josemiguel/Documentos/TFG/desktop_version/example-standalone-inferencing/example-standalone-inferencing-linux/opencv/build_opencv/CMakeFiles/CMakeTmp

Run Build Command(s):/usr/bin/gmake -f Makefile cmTC_37e0e/fast && /usr/bin/gmake  -f CMakeFiles/cmTC_37e0e.dir/build.make CMakeFiles/cmTC_37e0e.dir/build
gmake[1]: se entra en el directorio '/home/josemiguel/Documentos/TFG/desktop_version/example-standalone-inferencing/example-standalone-inferencing-linux/opencv/build_opencv/CMakeFiles/CMakeTmp'
Building CXX object CMakeFiles/cmTC_37e0e.dir/src.cxx.o
/usr/bin/c++   -O3 -DNDEBUG -fPIE    -fsigned-char -W -Wall -Werror=return-type -Werror=non-virtual-dtor -Werror=address -Werror=sequence-point -Wformat -Werror=format-security -Wmissing-declarations  -Wmissing-prototypes -std=c++11 -o CMakeFiles/cmTC_37e0e.dir/src.cxx.o -c /home/josemiguel/Documentos/TFG/desktop_version/example-standalone-inferencing/example-standalone-inferencing-linux/opencv/build_opencv/CMakeFiles/CMakeTmp/src.cxx
cc1plus: warning: command-line option ‘-Wmissing-prototypes’ is valid for C/ObjC but not for C++
/home/josemiguel/Documentos/TFG/desktop_version/example-standalone-inferencing/example-standalone-inferencing-linux/opencv/build_opencv/CMakeFiles/CMakeTmp/src.cxx:1: warning: ignoring ‘#pragma  ’ [-Wunknown-pragmas]
    1 | #pragma
      | 
Linking CXX executable cmTC_37e0e
/usr/bin/cmake -E cmake_link_script CMakeFiles/cmTC_37e0e.dir/link.txt --verbose=1
/usr/bin/c++ -O3 -DNDEBUG CMakeFiles/cmTC_37e0e.dir/src.cxx.o -o cmTC_37e0e 
gmake[1]: se sale del directorio '/home/josemiguel/Documentos/TFG/desktop_version/example-standalone-inferencing/example-standalone-inferencing-linux/opencv/build_opencv/CMakeFiles/CMakeTmp'


===== END =====

Build output check failed:
    Regex: 'command[- ]line option .* is valid for .* but not for C\+\+'
    Output line: 'cc1plus: warning: command-line option ‘-Wstrict-prototypes’ is valid for C/ObjC but not for C++'
Compilation failed:
    source file: '/home/josemiguel/Documentos/TFG/desktop_version/example-standalone-inferencing/example-standalone-inferencing-linux/opencv/build_opencv/CMakeFiles/CMakeTmp/src.cxx'
    check option: ' -fsigned-char -W -Wall -Werror=return-type -Werror=non-virtual-dtor -Werror=address -Werror=sequence-point -Wformat -Werror=format-security -Wmissing-declarations  -Wstrict-prototypes'
===== BUILD LOG =====
Change Dir: /home/josemiguel/Documentos/TFG/desktop_version/example-standalone-inferencing/example-standalone-inferencing-linux/opencv/build_opencv/CMakeFiles/CMakeTmp

Run Build Command(s):/usr/bin/gmake -f Makefile cmTC_e7148/fast && /usr/bin/gmake  -f CMakeFiles/cmTC_e7148.dir/build.make CMakeFiles/cmTC_e7148.dir/build
gmake[1]: se entra en el directorio '/home/josemiguel/Documentos/TFG/desktop_version/example-standalone-inferencing/example-standalone-inferencing-linux/opencv/build_opencv/CMakeFiles/CMakeTmp'
Building CXX object CMakeFiles/cmTC_e7148.dir/src.cxx.o
/usr/bin/c++   -O3 -DNDEBUG -fPIE    -fsigned-char -W -Wall -Werror=return-type -Werror=non-virtual-dtor -Werror=address -Werror=sequence-point -Wformat -Werror=format-security -Wmissing-declarations  -Wstrict-prototypes -std=c++11 -o CMakeFiles/cmTC_e7148.dir/src.cxx.o -c /home/josemiguel/Documentos/TFG/desktop_version/example-standalone-inferencing/example-standalone-inferencing-linux/opencv/build_opencv/CMakeFiles/CMakeTmp/src.cxx
cc1plus: warning: command-line option ‘-Wstrict-prototypes’ is valid for C/ObjC but not for C++
/home/josemiguel/Documentos/TFG/desktop_version/example-standalone-inferencing/example-standalone-inferencing-linux/opencv/build_opencv/CMakeFiles/CMakeTmp/src.cxx:1: warning: ignoring ‘#pragma  ’ [-Wunknown-pragmas]
    1 | #pragma
      | 
Linking CXX executable cmTC_e7148
/usr/bin/cmake -E cmake_link_script CMakeFiles/cmTC_e7148.dir/link.txt --verbose=1
/usr/bin/c++ -O3 -DNDEBUG CMakeFiles/cmTC_e7148.dir/src.cxx.o -o cmTC_e7148 
gmake[1]: se sale del directorio '/home/josemiguel/Documentos/TFG/desktop_version/example-standalone-inferencing/example-standalone-inferencing-linux/opencv/build_opencv/CMakeFiles/CMakeTmp'


===== END =====

Build output check failed:
    Regex: 'command[- ]line option .* is valid for .* but not for C'
    Output line: 'cc1: warning: command-line option ‘-Wsign-promo’ is valid for C++/ObjC++ but not for C'
Compilation failed:
    source file: '/home/josemiguel/Documentos/TFG/desktop_version/example-standalone-inferencing/example-standalone-inferencing-linux/opencv/build_opencv/CMakeFiles/CMakeTmp/src.c'
    check option: ' -fsigned-char -W -Wall -Werror=return-type -Werror=address -Werror=sequence-point -Wformat -Werror=format-security -Wmissing-declarations -Wmissing-prototypes -Wstrict-prototypes -Wundef -Winit-self -Wpointer-arith -Wshadow  -Wsign-promo'
===== BUILD LOG =====
Change Dir: /home/josemiguel/Documentos/TFG/desktop_version/example-standalone-inferencing/example-standalone-inferencing-linux/opencv/build_opencv/CMakeFiles/CMakeTmp

Run Build Command(s):/usr/bin/gmake -f Makefile cmTC_3e09a/fast && /usr/bin/gmake  -f CMakeFiles/cmTC_3e09a.dir/build.make CMakeFiles/cmTC_3e09a.dir/build
gmake[1]: se entra en el directorio '/home/josemiguel/Documentos/TFG/desktop_version/example-standalone-inferencing/example-standalone-inferencing-linux/opencv/build_opencv/CMakeFiles/CMakeTmp'
Building C object CMakeFiles/cmTC_3e09a.dir/src.c.o
/usr/bin/cc   -O3 -DNDEBUG -fPIE    -fsigned-char -W -Wall -Werror=return-type -Werror=address -Werror=sequence-point -Wformat -Werror=format-security -Wmissing-declarations -Wmissing-prototypes -Wstrict-prototypes -Wundef -Winit-self -Wpointer-arith -Wshadow  -Wsign-promo -o CMakeFiles/cmTC_3e09a.dir/src.c.o -c /home/josemiguel/Documentos/TFG/desktop_version/example-standalone-inferencing/example-standalone-inferencing-linux/opencv/build_opencv/CMakeFiles/CMakeTmp/src.c
cc1: warning: command-line option ‘-Wsign-promo’ is valid for C++/ObjC++ but not for C
/home/josemiguel/Documentos/TFG/desktop_version/example-standalone-inferencing/example-standalone-inferencing-linux/opencv/build_opencv/CMakeFiles/CMakeTmp/src.c:1: warning: ignoring ‘#pragma  ’ [-Wunknown-pragmas]
    1 | #pragma
      | 
Linking C executable cmTC_3e09a
/usr/bin/cmake -E cmake_link_script CMakeFiles/cmTC_3e09a.dir/link.txt --verbose=1
/usr/bin/cc -O3 -DNDEBUG CMakeFiles/cmTC_3e09a.dir/src.c.o -o cmTC_3e09a 
gmake[1]: se sale del directorio '/home/josemiguel/Documentos/TFG/desktop_version/example-standalone-inferencing/example-standalone-inferencing-linux/opencv/build_opencv/CMakeFiles/CMakeTmp'


===== END =====

Build output check failed:
    Regex: 'command[- ]line option .* is valid for .* but not for C'
    Output line: 'cc1: warning: command-line option ‘-Wsuggest-override’ is valid for C++/ObjC++ but not for C'
Compilation failed:
    source file: '/home/josemiguel/Documentos/TFG/desktop_version/example-standalone-inferencing/example-standalone-inferencing-linux/opencv/build_opencv/CMakeFiles/CMakeTmp/src.c'
    check option: ' -fsigned-char -W -Wall -Werror=return-type -Werror=address -Werror=sequence-point -Wformat -Werror=format-security -Wmissing-declarations -Wmissing-prototypes -Wstrict-prototypes -Wundef -Winit-self -Wpointer-arith -Wshadow -Wuninitialized  -Wsuggest-override'
===== BUILD LOG =====
Change Dir: /home/josemiguel/Documentos/TFG/desktop_version/example-standalone-inferencing/example-standalone-inferencing-linux/opencv/build_opencv/CMakeFiles/CMakeTmp

Run Build Command(s):/usr/bin/gmake -f Makefile cmTC_dbba8/fast && /usr/bin/gmake  -f CMakeFiles/cmTC_dbba8.dir/build.make CMakeFiles/cmTC_dbba8.dir/build
gmake[1]: se entra en el directorio '/home/josemiguel/Documentos/TFG/desktop_version/example-standalone-inferencing/example-standalone-inferencing-linux/opencv/build_opencv/CMakeFiles/CMakeTmp'
Building C object CMakeFiles/cmTC_dbba8.dir/src.c.o
/usr/bin/cc   -O3 -DNDEBUG -fPIE    -fsigned-char -W -Wall -Werror=return-type -Werror=address -Werror=sequence-point -Wformat -Werror=format-security -Wmissing-declarations -Wmissing-prototypes -Wstrict-prototypes -Wundef -Winit-self -Wpointer-arith -Wshadow -Wuninitialized  -Wsuggest-override -o CMakeFiles/cmTC_dbba8.dir/src.c.o -c /home/josemiguel/Documentos/TFG/desktop_version/example-standalone-inferencing/example-standalone-inferencing-linux/opencv/build_opencv/CMakeFiles/CMakeTmp/src.c
cc1: warning: command-line option ‘-Wsuggest-override’ is valid for C++/ObjC++ but not for C
/home/josemiguel/Documentos/TFG/desktop_version/example-standalone-inferencing/example-standalone-inferencing-linux/opencv/build_opencv/CMakeFiles/CMakeTmp/src.c:1: warning: ignoring ‘#pragma  ’ [-Wunknown-pragmas]
    1 | #pragma
      | 
Linking C executable cmTC_dbba8
/usr/bin/cmake -E cmake_link_script CMakeFiles/cmTC_dbba8.dir/link.txt --verbose=1
/usr/bin/cc -O3 -DNDEBUG CMakeFiles/cmTC_dbba8.dir/src.c.o -o cmTC_dbba8 
gmake[1]: se sale del directorio '/home/josemiguel/Documentos/TFG/desktop_version/example-standalone-inferencing/example-standalone-inferencing-linux/opencv/build_opencv/CMakeFiles/CMakeTmp'


===== END =====

Build output check failed:
    Regex: 'command[- ]line option .* is valid for .* but not for C'
    Output line: 'cc1: warning: command-line option ‘-Wno-delete-non-virtual-dtor’ is valid for C++/ObjC++ but not for C'
Compilation failed:
    source file: '/home/josemiguel/Documentos/TFG/desktop_version/example-standalone-inferencing/example-standalone-inferencing-linux/opencv/build_opencv/CMakeFiles/CMakeTmp/src.c'
    check option: ' -fsigned-char -W -Wall -Werror=return-type -Werror=address -Werror=sequence-point -Wformat -Werror=format-security -Wmissing-declarations -Wmissing-prototypes -Wstrict-prototypes -Wundef -Winit-self -Wpointer-arith -Wshadow -Wuninitialized  -Wno-delete-non-virtual-dtor'
===== BUILD LOG =====
Change Dir: /home/josemiguel/Documentos/TFG/desktop_version/example-standalone-inferencing/example-standalone-inferencing-linux/opencv/build_opencv/CMakeFiles/CMakeTmp

Run Build Command(s):/usr/bin/gmake -f Makefile cmTC_a3292/fast && /usr/bin/gmake  -f CMakeFiles/cmTC_a3292.dir/build.make CMakeFiles/cmTC_a3292.dir/build
gmake[1]: se entra en el directorio '/home/josemiguel/Documentos/TFG/desktop_version/example-standalone-inferencing/example-standalone-inferencing-linux/opencv/build_opencv/CMakeFiles/CMakeTmp'
Building C object CMakeFiles/cmTC_a3292.dir/src.c.o
/usr/bin/cc   -O3 -DNDEBUG -fPIE    -fsigned-char -W -Wall -Werror=return-type -Werror=address -Werror=sequence-point -Wformat -Werror=format-security -Wmissing-declarations -Wmissing-prototypes -Wstrict-prototypes -Wundef -Winit-self -Wpointer-arith -Wshadow -Wuninitialized  -Wno-delete-non-virtual-dtor -o CMakeFiles/cmTC_a3292.dir/src.c.o -c /home/josemiguel/Documentos/TFG/desktop_version/example-standalone-inferencing/example-standalone-inferencing-linux/opencv/build_opencv/CMakeFiles/CMakeTmp/src.c
cc1: warning: command-line option ‘-Wno-delete-non-virtual-dtor’ is valid for C++/ObjC++ but not for C
/home/josemiguel/Documentos/TFG/desktop_version/example-standalone-inferencing/example-standalone-inferencing-linux/opencv/build_opencv/CMakeFiles/CMakeTmp/src.c:1: warning: ignoring ‘#pragma  ’ [-Wunknown-pragmas]
    1 | #pragma
      | 
Linking C executable cmTC_a3292
/usr/bin/cmake -E cmake_link_script CMakeFiles/cmTC_a3292.dir/link.txt --verbose=1
/usr/bin/cc -O3 -DNDEBUG CMakeFiles/cmTC_a3292.dir/src.c.o -o cmTC_a3292 
gmake[1]: se sale del directorio '/home/josemiguel/Documentos/TFG/desktop_version/example-standalone-inferencing/example-standalone-inferencing-linux/opencv/build_opencv/CMakeFiles/CMakeTmp'


===== END =====

Build output check failed:
    Regex: 'unrecognized .*option'
    Output line: 'cc1plus: note: unrecognized command-line option ‘-Wno-unnamed-type-template-args’ may have been intended to silence earlier diagnostics'
Compilation failed:
    source file: '/home/josemiguel/Documentos/TFG/desktop_version/example-standalone-inferencing/example-standalone-inferencing-linux/opencv/build_opencv/CMakeFiles/CMakeTmp/src.cxx'
    check option: ' -fsigned-char -W -Wall -Werror=return-type -Werror=non-virtual-dtor -Werror=address -Werror=sequence-point -Wformat -Werror=format-security -Wmissing-declarations -Wundef -Winit-self -Wpointer-arith -Wshadow -Wsign-promo -Wuninitialized -Wsuggest-override -Wno-delete-non-virtual-dtor  -Wno-unnamed-type-template-args'
===== BUILD LOG =====
Change Dir: /home/josemiguel/Documentos/TFG/desktop_version/example-standalone-inferencing/example-standalone-inferencing-linux/opencv/build_opencv/CMakeFiles/CMakeTmp

Run Build Command(s):/usr/bin/gmake -f Makefile cmTC_dc4d6/fast && /usr/bin/gmake  -f CMakeFiles/cmTC_dc4d6.dir/build.make CMakeFiles/cmTC_dc4d6.dir/build
gmake[1]: se entra en el directorio '/home/josemiguel/Documentos/TFG/desktop_version/example-standalone-inferencing/example-standalone-inferencing-linux/opencv/build_opencv/CMakeFiles/CMakeTmp'
Building CXX object CMakeFiles/cmTC_dc4d6.dir/src.cxx.o
/usr/bin/c++   -O3 -DNDEBUG -fPIE    -fsigned-char -W -Wall -Werror=return-type -Werror=non-virtual-dtor -Werror=address -Werror=sequence-point -Wformat -Werror=format-security -Wmissing-declarations -Wundef -Winit-self -Wpointer-arith -Wshadow -Wsign-promo -Wuninitialized -Wsuggest-override -Wno-delete-non-virtual-dtor  -Wno-unnamed-type-template-args -std=c++11 -o CMakeFiles/cmTC_dc4d6.dir/src.cxx.o -c /home/josemiguel/Documentos/TFG/desktop_version/example-standalone-inferencing/example-standalone-inferencing-linux/opencv/build_opencv/CMakeFiles/CMakeTmp/src.cxx
/home/josemiguel/Documentos/TFG/desktop_version/example-standalone-inferencing/example-standalone-inferencing-linux/opencv/build_opencv/CMakeFiles/CMakeTmp/src.cxx:1: warning: ignoring ‘#pragma  ’ [-Wunknown-pragmas]
    1 | #pragma
      | 
cc1plus: note: unrecognized command-line option ‘-Wno-unnamed-type-template-args’ may have been intended to silence earlier diagnostics
Linking CXX executable cmTC_dc4d6
/usr/bin/cmake -E cmake_link_script CMakeFiles/cmTC_dc4d6.dir/link.txt --verbose=1
/usr/bin/c++ -O3 -DNDEBUG CMakeFiles/cmTC_dc4d6.dir/src.cxx.o -o cmTC_dc4d6 
gmake[1]: se sale del directorio '/home/josemiguel/Documentos/TFG/desktop_version/example-standalone-inferencing/example-standalone-inferencing-linux/opencv/build_opencv/CMakeFiles/CMakeTmp'


===== END =====

Build output check failed:
    Regex: 'unrecognized .*option'
    Output line: 'cc1: note: unrecognized command-line option ‘-Wno-unnamed-type-template-args’ may have been intended to silence earlier diagnostics'
Compilation failed:
    source file: '/home/josemiguel/Documentos/TFG/desktop_version/example-standalone-inferencing/example-standalone-inferencing-linux/opencv/build_opencv/CMakeFiles/CMakeTmp/src.c'
    check option: ' -fsigned-char -W -Wall -Werror=return-type -Werror=address -Werror=sequence-point -Wformat -Werror=format-security -Wmissing-declarations -Wmissing-prototypes -Wstrict-prototypes -Wundef -Winit-self -Wpointer-arith -Wshadow -Wuninitialized  -Wno-unnamed-type-template-args'
===== BUILD LOG =====
Change Dir: /home/josemiguel/Documentos/TFG/desktop_version/example-standalone-inferencing/example-standalone-inferencing-linux/opencv/build_opencv/CMakeFiles/CMakeTmp

Run Build Command(s):/usr/bin/gmake -f Makefile cmTC_b518a/fast && /usr/bin/gmake  -f CMakeFiles/cmTC_b518a.dir/build.make CMakeFiles/cmTC_b518a.dir/build
gmake[1]: se entra en el directorio '/home/josemiguel/Documentos/TFG/desktop_version/example-standalone-inferencing/example-standalone-inferencing-linux/opencv/build_opencv/CMakeFiles/CMakeTmp'
Building C object CMakeFiles/cmTC_b518a.dir/src.c.o
/usr/bin/cc   -O3 -DNDEBUG -fPIE    -fsigned-char -W -Wall -Werror=return-type -Werror=address -Werror=sequence-point -Wformat -Werror=format-security -Wmissing-declarations -Wmissing-prototypes -Wstrict-prototypes -Wundef -Winit-self -Wpointer-arith -Wshadow -Wuninitialized  -Wno-unnamed-type-template-args -o CMakeFiles/cmTC_b518a.dir/src.c.o -c /home/josemiguel/Documentos/TFG/desktop_version/example-standalone-inferencing/example-standalone-inferencing-linux/opencv/build_opencv/CMakeFiles/CMakeTmp/src.c
/home/josemiguel/Documentos/TFG/desktop_version/example-standalone-inferencing/example-standalone-inferencing-linux/opencv/build_opencv/CMakeFiles/CMakeTmp/src.c:1: warning: ignoring ‘#pragma  ’ [-Wunknown-pragmas]
    1 | #pragma
      | 
cc1: note: unrecognized command-line option ‘-Wno-unnamed-type-template-args’ may have been intended to silence earlier diagnostics
Linking C executable cmTC_b518a
/usr/bin/cmake -E cmake_link_script CMakeFiles/cmTC_b518a.dir/link.txt --verbose=1
/usr/bin/cc -O3 -DNDEBUG CMakeFiles/cmTC_b518a.dir/src.c.o -o cmTC_b518a 
gmake[1]: se sale del directorio '/home/josemiguel/Documentos/TFG/desktop_version/example-standalone-inferencing/example-standalone-inferencing-linux/opencv/build_opencv/CMakeFiles/CMakeTmp'


===== END =====

Build output check failed:
    Regex: 'command[- ]line option .* is valid for .* but not for C'
    Output line: 'cc1: warning: command-line option ‘-fvisibility-inlines-hidden’ is valid for C++/ObjC++ but not for C'
Compilation failed:
    source file: '/home/josemiguel/Documentos/TFG/desktop_version/example-standalone-inferencing/example-standalone-inferencing-linux/opencv/build_opencv/CMakeFiles/CMakeTmp/src.c'
    check option: ' -fsigned-char -W -Wall -Werror=return-type -Werror=address -Werror=sequence-point -Wformat -Werror=format-security -Wmissing-declarations -Wmissing-prototypes -Wstrict-prototypes -Wundef -Winit-self -Wpointer-arith -Wshadow -Wuninitialized -Wno-comment -Wimplicit-fallthrough=3 -Wno-strict-overflow -fdiagnostics-show-option -Wno-long-long -pthread -fomit-frame-pointer -ffunction-sections -fdata-sections  -msse -msse2 -msse3 -fvisibility=hidden  -fvisibility-inlines-hidden'
===== BUILD LOG =====
Change Dir: /home/josemiguel/Documentos/TFG/desktop_version/example-standalone-inferencing/example-standalone-inferencing-linux/opencv/build_opencv/CMakeFiles/CMakeTmp

Run Build Command(s):/usr/bin/gmake -f Makefile cmTC_bc039/fast && /usr/bin/gmake  -f CMakeFiles/cmTC_bc039.dir/build.make CMakeFiles/cmTC_bc039.dir/build
gmake[1]: se entra en el directorio '/home/josemiguel/Documentos/TFG/desktop_version/example-standalone-inferencing/example-standalone-inferencing-linux/opencv/build_opencv/CMakeFiles/CMakeTmp'
Building C object CMakeFiles/cmTC_bc039.dir/src.c.o
/usr/bin/cc   -O3 -DNDEBUG -fPIE    -fsigned-char -W -Wall -Werror=return-type -Werror=address -Werror=sequence-point -Wformat -Werror=format-security -Wmissing-declarations -Wmissing-prototypes -Wstrict-prototypes -Wundef -Winit-self -Wpointer-arith -Wshadow -Wuninitialized -Wno-comment -Wimplicit-fallthrough=3 -Wno-strict-overflow -fdiagnostics-show-option -Wno-long-long -pthread -fomit-frame-pointer -ffunction-sections -fdata-sections  -msse -msse2 -msse3 -fvisibility=hidden  -fvisibility-inlines-hidden -o CMakeFiles/cmTC_bc039.dir/src.c.o -c /home/josemiguel/Documentos/TFG/desktop_version/example-standalone-inferencing/example-standalone-inferencing-linux/opencv/build_opencv/CMakeFiles/CMakeTmp/src.c
cc1: warning: command-line option ‘-fvisibility-inlines-hidden’ is valid for C++/ObjC++ but not for C
/home/josemiguel/Documentos/TFG/desktop_version/example-standalone-inferencing/example-standalone-inferencing-linux/opencv/build_opencv/CMakeFiles/CMakeTmp/src.c:1: warning: ignoring ‘#pragma  ’ [-Wunknown-pragmas]
    1 | #pragma
      | 
Linking C executable cmTC_bc039
/usr/bin/cmake -E cmake_link_script CMakeFiles/cmTC_bc039.dir/link.txt --verbose=1
/usr/bin/cc -O3 -DNDEBUG CMakeFiles/cmTC_bc039.dir/src.c.o -o cmTC_bc039 
gmake[1]: se sale del directorio '/home/josemiguel/Documentos/TFG/desktop_version/example-standalone-inferencing/example-standalone-inferencing-linux/opencv/build_opencv/CMakeFiles/CMakeTmp'


===== END =====

Build output check failed:
    Regex: 'unrecognized .*option'
    Output line: 'cc1: note: unrecognized command-line option ‘-Wno-implicit-const-int-float-conversion’ may have been intended to silence earlier diagnostics'
Compilation failed:
    source file: '/home/josemiguel/Documentos/TFG/desktop_version/example-standalone-inferencing/example-standalone-inferencing-linux/opencv/build_opencv/CMakeFiles/CMakeTmp/src.c'
    check option: ' -Wno-implicit-const-int-float-conversion'
===== BUILD LOG =====
Change Dir: /home/josemiguel/Documentos/TFG/desktop_version/example-standalone-inferencing/example-standalone-inferencing-linux/opencv/build_opencv/CMakeFiles/CMakeTmp

Run Build Command(s):/usr/bin/gmake -f Makefile cmTC_b2bea/fast && /usr/bin/gmake  -f CMakeFiles/cmTC_b2bea.dir/build.make CMakeFiles/cmTC_b2bea.dir/build
gmake[1]: se entra en el directorio '/home/josemiguel/Documentos/TFG/desktop_version/example-standalone-inferencing/example-standalone-inferencing-linux/opencv/build_opencv/CMakeFiles/CMakeTmp'
Building C object CMakeFiles/cmTC_b2bea.dir/src.c.o
/usr/bin/cc   -fsigned-char -W -Wall -Werror=return-type -Werror=address -Werror=sequence-point -Wformat -Werror=format-security -Wmissing-declarations -Wmissing-prototypes -Wstrict-prototypes -Wundef -Winit-self -Wpointer-arith -Wshadow -Wuninitialized -Wno-comment -Wimplicit-fallthrough=3 -Wno-strict-overflow -fdiagnostics-show-option -Wno-long-long -pthread -fomit-frame-pointer -ffunction-sections -fdata-sections  -msse -msse2 -msse3 -fvisibility=hidden  -O3 -DNDEBUG  -DNDEBUG -fPIE    -Wno-implicit-const-int-float-conversion -o CMakeFiles/cmTC_b2bea.dir/src.c.o -c /home/josemiguel/Documentos/TFG/desktop_version/example-standalone-inferencing/example-standalone-inferencing-linux/opencv/build_opencv/CMakeFiles/CMakeTmp/src.c
/home/josemiguel/Documentos/TFG/desktop_version/example-standalone-inferencing/example-standalone-inferencing-linux/opencv/build_opencv/CMakeFiles/CMakeTmp/src.c:1: warning: ignoring ‘#pragma  ’ [-Wunknown-pragmas]
    1 | #pragma
      | 
cc1: note: unrecognized command-line option ‘-Wno-implicit-const-int-float-conversion’ may have been intended to silence earlier diagnostics
Linking C executable cmTC_b2bea
/usr/bin/cmake -E cmake_link_script CMakeFiles/cmTC_b2bea.dir/link.txt --verbose=1
/usr/bin/cc    -fsigned-char -W -Wall -Werror=return-type -Werror=address -Werror=sequence-point -Wformat -Werror=format-security -Wmissing-declarations -Wmissing-prototypes -Wstrict-prototypes -Wundef -Winit-self -Wpointer-arith -Wshadow -Wuninitialized -Wno-comment -Wimplicit-fallthrough=3 -Wno-strict-overflow -fdiagnostics-show-option -Wno-long-long -pthread -fomit-frame-pointer -ffunction-sections -fdata-sections  -msse -msse2 -msse3 -fvisibility=hidden  -O3 -DNDEBUG  -DNDEBUG   -Wl,--gc-sections -Wl,--as-needed  CMakeFiles/cmTC_b2bea.dir/src.c.o -o cmTC_b2bea 
gmake[1]: se sale del directorio '/home/josemiguel/Documentos/TFG/desktop_version/example-standalone-inferencing/example-standalone-inferencing-linux/opencv/build_opencv/CMakeFiles/CMakeTmp'


===== END =====

Determining if the _aligned_malloc exist failed with the following output:
Change Dir: /home/josemiguel/Documentos/TFG/desktop_version/example-standalone-inferencing/example-standalone-inferencing-linux/opencv/build_opencv/CMakeFiles/CMakeTmp

Run Build Command(s):/usr/bin/gmake -f Makefile cmTC_6e013/fast && /usr/bin/gmake  -f CMakeFiles/cmTC_6e013.dir/build.make CMakeFiles/cmTC_6e013.dir/build
gmake[1]: se entra en el directorio '/home/josemiguel/Documentos/TFG/desktop_version/example-standalone-inferencing/example-standalone-inferencing-linux/opencv/build_opencv/CMakeFiles/CMakeTmp'
Building C object CMakeFiles/cmTC_6e013.dir/CheckSymbolExists.c.o
/usr/bin/cc   -fsigned-char -W -Wall   -Wformat -Wmissing-declarations -Wmissing-prototypes -Wstrict-prototypes -Wundef -Winit-self -Wpointer-arith -Wshadow -Wuninitialized -Wno-comment -Wimplicit-fallthrough=3 -Wno-strict-overflow -fdiagnostics-show-option -Wno-long-long -pthread -fomit-frame-pointer -ffunction-sections -fdata-sections  -msse -msse2 -msse3 -fvisibility=hidden  -O3 -DNDEBUG  -DNDEBUG -fPIE -o CMakeFiles/cmTC_6e013.dir/CheckSymbolExists.c.o -c /home/josemiguel/Documentos/TFG/desktop_version/example-standalone-inferencing/example-standalone-inferencing-linux/opencv/build_opencv/CMakeFiles/CMakeTmp/CheckSymbolExists.c
/home/josemiguel/Documentos/TFG/desktop_version/example-standalone-inferencing/example-standalone-inferencing-linux/opencv/build_opencv/CMakeFiles/CMakeTmp/CheckSymbolExists.c: In function ‘main’:
/home/josemiguel/Documentos/TFG/desktop_version/example-standalone-inferencing/example-standalone-inferencing-linux/opencv/build_opencv/CMakeFiles/CMakeTmp/CheckSymbolExists.c:8:19: error: ‘_aligned_malloc’ undeclared (first use in this function)
    8 |   return ((int*)(&_aligned_malloc))[argc];
      |                   ^~~~~~~~~~~~~~~
/home/josemiguel/Documentos/TFG/desktop_version/example-standalone-inferencing/example-standalone-inferencing-linux/opencv/build_opencv/CMakeFiles/CMakeTmp/CheckSymbolExists.c:8:19: note: each undeclared identifier is reported only once for each function it appears in
/home/josemiguel/Documentos/TFG/desktop_version/example-standalone-inferencing/example-standalone-inferencing-linux/opencv/build_opencv/CMakeFiles/CMakeTmp/CheckSymbolExists.c:4:14: warning: parameter ‘argc’ set but not used [-Wunused-but-set-parameter]
    4 | int main(int argc, char** argv)
      |          ~~~~^~~~
gmake[1]: *** [CMakeFiles/cmTC_6e013.dir/build.make:78: CMakeFiles/cmTC_6e013.dir/CheckSymbolExists.c.o] Error 1
gmake[1]: se sale del directorio '/home/josemiguel/Documentos/TFG/desktop_version/example-standalone-inferencing/example-standalone-inferencing-linux/opencv/build_opencv/CMakeFiles/CMakeTmp'
gmake: *** [Makefile:127: cmTC_6e013/fast] Error 2


File /home/josemiguel/Documentos/TFG/desktop_version/example-standalone-inferencing/example-standalone-inferencing-linux/opencv/build_opencv/CMakeFiles/CMakeTmp/CheckSymbolExists.c:
/* */
#include <malloc.h>

int main(int argc, char** argv)
{
  (void)argv;
#ifndef _aligned_malloc
  return ((int*)(&_aligned_malloc))[argc];
#else
  (void)argc;
  return 0;
#endif
}
Determining if the function sgemm_ exists failed with the following output:
Change Dir: /home/josemiguel/Documentos/TFG/desktop_version/example-standalone-inferencing/example-standalone-inferencing-linux/opencv/build_opencv/CMakeFiles/CMakeTmp

Run Build Command(s):/usr/bin/gmake -f Makefile cmTC_fe031/fast && /usr/bin/gmake  -f CMakeFiles/cmTC_fe031.dir/build.make CMakeFiles/cmTC_fe031.dir/build
gmake[1]: se entra en el directorio '/home/josemiguel/Documentos/TFG/desktop_version/example-standalone-inferencing/example-standalone-inferencing-linux/opencv/build_opencv/CMakeFiles/CMakeTmp'
Building C object CMakeFiles/cmTC_fe031.dir/CheckFunctionExists.c.o
/usr/bin/cc   -fsigned-char -W -Wall -Werror=return-type -Werror=address -Werror=sequence-point -Wformat -Werror=format-security -Wmissing-declarations -Wmissing-prototypes -Wstrict-prototypes -Wundef -Winit-self -Wpointer-arith -Wshadow -Wuninitialized -Wno-comment -Wimplicit-fallthrough=3 -Wno-strict-overflow -fdiagnostics-show-option -Wno-long-long -pthread -fomit-frame-pointer -ffunction-sections -fdata-sections  -msse -msse2 -msse3 -fvisibility=hidden -DCHECK_FUNCTION_EXISTS=sgemm_ -O3 -DNDEBUG  -DNDEBUG -fPIE -o CMakeFiles/cmTC_fe031.dir/CheckFunctionExists.c.o -c /usr/share/cmake-3.22/Modules/CheckFunctionExists.c
Linking C executable cmTC_fe031
/usr/bin/cmake -E cmake_link_script CMakeFiles/cmTC_fe031.dir/link.txt --verbose=1
/usr/bin/cc    -fsigned-char -W -Wall -Werror=return-type -Werror=address -Werror=sequence-point -Wformat -Werror=format-security -Wmissing-declarations -Wmissing-prototypes -Wstrict-prototypes -Wundef -Winit-self -Wpointer-arith -Wshadow -Wuninitialized -Wno-comment -Wimplicit-fallthrough=3 -Wno-strict-overflow -fdiagnostics-show-option -Wno-long-long -pthread -fomit-frame-pointer -ffunction-sections -fdata-sections  -msse -msse2 -msse3 -fvisibility=hidden -DCHECK_FUNCTION_EXISTS=sgemm_ -O3 -DNDEBUG  -DNDEBUG   -Wl,--gc-sections -Wl,--as-needed  CMakeFiles/cmTC_fe031.dir/CheckFunctionExists.c.o -o cmTC_fe031 
/usr/bin/ld: CMakeFiles/cmTC_fe031.dir/CheckFunctionExists.c.o: en la función `main':
CheckFunctionExists.c:(.text.startup.main+0x10): referencia a `sgemm_' sin definir
collect2: error: ld returned 1 exit status
gmake[1]: *** [CMakeFiles/cmTC_fe031.dir/build.make:99: cmTC_fe031] Error 1
gmake[1]: se sale del directorio '/home/josemiguel/Documentos/TFG/desktop_version/example-standalone-inferencing/example-standalone-inferencing-linux/opencv/build_opencv/CMakeFiles/CMakeTmp'
gmake: *** [Makefile:127: cmTC_fe031/fast] Error 2



Build output check failed:
    Regex: 'command[- ]line option .* is valid for .* but not for C\+\+'
    Output line: 'cc1plus: warning: command-line option ‘-Wno-missing-prototypes’ is valid for C/ObjC but not for C++'
Compilation failed:
    source file: '/home/josemiguel/Documentos/TFG/desktop_version/example-standalone-inferencing/example-standalone-inferencing-linux/opencv/build_opencv/CMakeFiles/CMakeTmp/src.cxx'
    check option: ' -Wno-missing-prototypes'
===== BUILD LOG =====
Change Dir: /home/josemiguel/Documentos/TFG/desktop_version/example-standalone-inferencing/example-standalone-inferencing-linux/opencv/build_opencv/CMakeFiles/CMakeTmp

Run Build Command(s):/usr/bin/gmake -f Makefile cmTC_ba604/fast && /usr/bin/gmake  -f CMakeFiles/cmTC_ba604.dir/build.make CMakeFiles/cmTC_ba604.dir/build
gmake[1]: se entra en el directorio '/home/josemiguel/Documentos/TFG/desktop_version/example-standalone-inferencing/example-standalone-inferencing-linux/opencv/build_opencv/CMakeFiles/CMakeTmp'
Building CXX object CMakeFiles/cmTC_ba604.dir/src.cxx.o
/usr/bin/c++   -fsigned-char -W -Wall -Werror=return-type -Werror=non-virtual-dtor -Werror=address -Werror=sequence-point -Wformat -Werror=format-security -Wmissing-declarations -Wundef -Winit-self -Wpointer-arith -Wshadow -Wsign-promo -Wuninitialized -Wsuggest-override -Wno-delete-non-virtual-dtor -Wno-comment -Wimplicit-fallthrough=3 -Wno-strict-overflow -fdiagnostics-show-option -Wno-long-long -pthread -fomit-frame-pointer -ffunction-sections -fdata-sections  -msse -msse2 -msse3 -fvisibility=hidden -fvisibility-inlines-hidden -Wno-deprecated  -O3 -DNDEBUG  -DNDEBUG -fPIE    -Wno-missing-prototypes -std=c++11 -o CMakeFiles/cmTC_ba604.dir/src.cxx.o -c /home/josemiguel/Documentos/TFG/desktop_version/example-standalone-inferencing/example-standalone-inferencing-linux/opencv/build_opencv/CMakeFiles/CMakeTmp/src.cxx
cc1plus: warning: command-line option ‘-Wno-missing-prototypes’ is valid for C/ObjC but not for C++
/home/josemiguel/Documentos/TFG/desktop_version/example-standalone-inferencing/example-standalone-inferencing-linux/opencv/build_opencv/CMakeFiles/CMakeTmp/src.cxx:1: warning: ignoring ‘#pragma  ’ [-Wunknown-pragmas]
    1 | #pragma
      | 
Linking CXX executable cmTC_ba604
/usr/bin/cmake -E cmake_link_script CMakeFiles/cmTC_ba604.dir/link.txt --verbose=1
/usr/bin/c++    -fsigned-char -W -Wall -Werror=return-type -Werror=non-virtual-dtor -Werror=address -Werror=sequence-point -Wformat -Werror=format-security -Wmissing-declarations -Wundef -Winit-self -Wpointer-arith -Wshadow -Wsign-promo -Wuninitialized -Wsuggest-override -Wno-delete-non-virtual-dtor -Wno-comment -Wimplicit-fallthrough=3 -Wno-strict-overflow -fdiagnostics-show-option -Wno-long-long -pthread -fomit-frame-pointer -ffunction-sections -fdata-sections  -msse -msse2 -msse3 -fvisibility=hidden -fvisibility-inlines-hidden -Wno-deprecated  -O3 -DNDEBUG  -DNDEBUG   -Wl,--gc-sections -Wl,--as-needed  CMakeFiles/cmTC_ba604.dir/src.cxx.o -o cmTC_ba604 
gmake[1]: se sale del directorio '/home/josemiguel/Documentos/TFG/desktop_version/example-standalone-inferencing/example-standalone-inferencing-linux/opencv/build_opencv/CMakeFiles/CMakeTmp'


===== END =====

Build output check failed:
    Regex: 'unrecognized .*option'
    Output line: 'cc1plus: note: unrecognized command-line option ‘-Wno-tautological-undefined-compare’ may have been intended to silence earlier diagnostics'
Compilation failed:
    source file: '/home/josemiguel/Documentos/TFG/desktop_version/example-standalone-inferencing/example-standalone-inferencing-linux/opencv/build_opencv/CMakeFiles/CMakeTmp/src.cxx'
    check option: ' -Wno-tautological-undefined-compare'
===== BUILD LOG =====
Change Dir: /home/josemiguel/Documentos/TFG/desktop_version/example-standalone-inferencing/example-standalone-inferencing-linux/opencv/build_opencv/CMakeFiles/CMakeTmp

Run Build Command(s):/usr/bin/gmake -f Makefile cmTC_f73a4/fast && /usr/bin/gmake  -f CMakeFiles/cmTC_f73a4.dir/build.make CMakeFiles/cmTC_f73a4.dir/build
gmake[1]: se entra en el directorio '/home/josemiguel/Documentos/TFG/desktop_version/example-standalone-inferencing/example-standalone-inferencing-linux/opencv/build_opencv/CMakeFiles/CMakeTmp'
Building CXX object CMakeFiles/cmTC_f73a4.dir/src.cxx.o
/usr/bin/c++   -fsigned-char -W -Wall -Werror=return-type -Werror=non-virtual-dtor -Werror=address -Werror=sequence-point -Wformat -Werror=format-security -Winit-self -Wpointer-arith -Wuninitialized -Wsuggest-override -Wno-delete-non-virtual-dtor -Wno-comment -Wimplicit-fallthrough=3 -Wno-strict-overflow -fdiagnostics-show-option -Wno-long-long -pthread -fomit-frame-pointer -ffunction-sections -fdata-sections  -msse -msse2 -msse3 -fvisibility=hidden -fvisibility-inlines-hidden -Wno-deprecated -Wno-missing-declarations -Wno-shadow -Wno-unused-parameter -Wno-unused-local-typedefs -Wno-sign-compare -Wno-sign-promo -Wno-undef  -O3 -DNDEBUG  -DNDEBUG -fPIE    -Wno-tautological-undefined-compare -std=c++11 -o CMakeFiles/cmTC_f73a4.dir/src.cxx.o -c /home/josemiguel/Documentos/TFG/desktop_version/example-standalone-inferencing/example-standalone-inferencing-linux/opencv/build_opencv/CMakeFiles/CMakeTmp/src.cxx
/home/josemiguel/Documentos/TFG/desktop_version/example-standalone-inferencing/example-standalone-inferencing-linux/opencv/build_opencv/CMakeFiles/CMakeTmp/src.cxx:1: warning: ignoring ‘#pragma  ’ [-Wunknown-pragmas]
    1 | #pragma
      | 
cc1plus: note: unrecognized command-line option ‘-Wno-tautological-undefined-compare’ may have been intended to silence earlier diagnostics
Linking CXX executable cmTC_f73a4
/usr/bin/cmake -E cmake_link_script CMakeFiles/cmTC_f73a4.dir/link.txt --verbose=1
/usr/bin/c++    -fsigned-char -W -Wall -Werror=return-type -Werror=non-virtual-dtor -Werror=address -Werror=sequence-point -Wformat -Werror=format-security -Winit-self -Wpointer-arith -Wuninitialized -Wsuggest-override -Wno-delete-non-virtual-dtor -Wno-comment -Wimplicit-fallthrough=3 -Wno-strict-overflow -fdiagnostics-show-option -Wno-long-long -pthread -fomit-frame-pointer -ffunction-sections -fdata-sections  -msse -msse2 -msse3 -fvisibility=hidden -fvisibility-inlines-hidden -Wno-deprecated -Wno-missing-declarations -Wno-shadow -Wno-unused-parameter -Wno-unused-local-typedefs -Wno-sign-compare -Wno-sign-promo -Wno-undef  -O3 -DNDEBUG  -DNDEBUG   -Wl,--gc-sections -Wl,--as-needed  CMakeFiles/cmTC_f73a4.dir/src.cxx.o -o cmTC_f73a4 
gmake[1]: se sale del directorio '/home/josemiguel/Documentos/TFG/desktop_version/example-standalone-inferencing/example-standalone-inferencing-linux/opencv/build_opencv/CMakeFiles/CMakeTmp'


===== END =====

Build output check failed:
    Regex: 'unrecognized .*option'
    Output line: 'cc1plus: note: unrecognized command-line option ‘-Wno-shorten-64-to-32’ may have been intended to silence earlier diagnostics'
Compilation failed:
    source file: '/home/josemiguel/Documentos/TFG/desktop_version/example-standalone-inferencing/example-standalone-inferencing-linux/opencv/build_opencv/CMakeFiles/CMakeTmp/src.cxx'
    check option: ' -Wno-shorten-64-to-32'
===== BUILD LOG =====
Change Dir: /home/josemiguel/Documentos/TFG/desktop_version/example-standalone-inferencing/example-standalone-inferencing-linux/opencv/build_opencv/CMakeFiles/CMakeTmp

Run Build Command(s):/usr/bin/gmake -f Makefile cmTC_ae77a/fast && /usr/bin/gmake  -f CMakeFiles/cmTC_ae77a.dir/build.make CMakeFiles/cmTC_ae77a.dir/build
gmake[1]: se entra en el directorio '/home/josemiguel/Documentos/TFG/desktop_version/example-standalone-inferencing/example-standalone-inferencing-linux/opencv/build_opencv/CMakeFiles/CMakeTmp'
Building CXX object CMakeFiles/cmTC_ae77a.dir/src.cxx.o
/usr/bin/c++   -fsigned-char -W -Wall -Werror=return-type -Werror=non-virtual-dtor -Werror=address -Werror=sequence-point -Wformat -Werror=format-security -Winit-self -Wpointer-arith -Wuninitialized -Wsuggest-override -Wno-delete-non-virtual-dtor -Wno-comment -Wimplicit-fallthrough=3 -Wno-strict-overflow -fdiagnostics-show-option -Wno-long-long -pthread -fomit-frame-pointer -ffunction-sections -fdata-sections  -msse -msse2 -msse3 -fvisibility=hidden -fvisibility-inlines-hidden -Wno-deprecated -Wno-missing-declarations -Wno-shadow -Wno-unused-parameter -Wno-unused-local-typedefs -Wno-sign-compare -Wno-sign-promo -Wno-undef -Wno-ignored-qualifiers -Wno-extra -Wno-unused-function -Wno-unused-const-variable  -O3 -DNDEBUG  -DNDEBUG -fPIE    -Wno-shorten-64-to-32 -std=c++11 -o CMakeFiles/cmTC_ae77a.dir/src.cxx.o -c /home/josemiguel/Documentos/TFG/desktop_version/example-standalone-inferencing/example-standalone-inferencing-linux/opencv/build_opencv/CMakeFiles/CMakeTmp/src.cxx
/home/josemiguel/Documentos/TFG/desktop_version/example-standalone-inferencing/example-standalone-inferencing-linux/opencv/build_opencv/CMakeFiles/CMakeTmp/src.cxx:1: warning: ignoring ‘#pragma  ’ [-Wunknown-pragmas]
    1 | #pragma
      | 
cc1plus: note: unrecognized command-line option ‘-Wno-shorten-64-to-32’ may have been intended to silence earlier diagnostics
Linking CXX executable cmTC_ae77a
/usr/bin/cmake -E cmake_link_script CMakeFiles/cmTC_ae77a.dir/link.txt --verbose=1
/usr/bin/c++    -fsigned-char -W -Wall -Werror=return-type -Werror=non-virtual-dtor -Werror=address -Werror=sequence-point -Wformat -Werror=format-security -Winit-self -Wpointer-arith -Wuninitialized -Wsuggest-override -Wno-delete-non-virtual-dtor -Wno-comment -Wimplicit-fallthrough=3 -Wno-strict-overflow -fdiagnostics-show-option -Wno-long-long -pthread -fomit-frame-pointer -ffunction-sections -fdata-sections  -msse -msse2 -msse3 -fvisibility=hidden -fvisibility-inlines-hidden -Wno-deprecated -Wno-missing-declarations -Wno-shadow -Wno-unused-parameter -Wno-unused-local-typedefs -Wno-sign-compare -Wno-sign-promo -Wno-undef -Wno-ignored-qualifiers -Wno-extra -Wno-unused-function -Wno-unused-const-variable  -O3 -DNDEBUG  -DNDEBUG   -Wl,--gc-sections -Wl,--as-needed  CMakeFiles/cmTC_ae77a.dir/src.cxx.o -o cmTC_ae77a 
gmake[1]: se sale del directorio '/home/josemiguel/Documentos/TFG/desktop_version/example-standalone-inferencing/example-standalone-inferencing-linux/opencv/build_opencv/CMakeFiles/CMakeTmp'


===== END =====

Build output check failed:
    Regex: 'unrecognized .*option'
    Output line: 'cc1plus: note: unrecognized command-line option ‘-Wno-enum-compare-switch’ may have been intended to silence earlier diagnostics'
Compilation failed:
    source file: '/home/josemiguel/Documentos/TFG/desktop_version/example-standalone-inferencing/example-standalone-inferencing-linux/opencv/build_opencv/CMakeFiles/CMakeTmp/src.cxx'
    check option: ' -Wno-enum-compare-switch'
===== BUILD LOG =====
Change Dir: /home/josemiguel/Documentos/TFG/desktop_version/example-standalone-inferencing/example-standalone-inferencing-linux/opencv/build_opencv/CMakeFiles/CMakeTmp

Run Build Command(s):/usr/bin/gmake -f Makefile cmTC_5fa96/fast && /usr/bin/gmake  -f CMakeFiles/cmTC_5fa96.dir/build.make CMakeFiles/cmTC_5fa96.dir/build
gmake[1]: se entra en el directorio '/home/josemiguel/Documentos/TFG/desktop_version/example-standalone-inferencing/example-standalone-inferencing-linux/opencv/build_opencv/CMakeFiles/CMakeTmp'
Building CXX object CMakeFiles/cmTC_5fa96.dir/src.cxx.o
/usr/bin/c++   -fsigned-char -W -Wall -Werror=return-type -Werror=non-virtual-dtor -Werror=address -Werror=sequence-point -Wformat -Werror=format-security -Winit-self -Wpointer-arith -Wuninitialized -Wsuggest-override -Wno-delete-non-virtual-dtor -Wno-comment -Wimplicit-fallthrough=3 -Wno-strict-overflow -fdiagnostics-show-option -Wno-long-long -pthread -fomit-frame-pointer -ffunction-sections -fdata-sections  -msse -msse2 -msse3 -fvisibility=hidden -fvisibility-inlines-hidden -Wno-deprecated -Wno-missing-declarations -Wno-shadow -Wno-unused-parameter -Wno-unused-local-typedefs -Wno-sign-compare -Wno-sign-promo -Wno-undef -Wno-ignored-qualifiers -Wno-extra -Wno-unused-function -Wno-unused-const-variable -Wno-invalid-offsetof  -O3 -DNDEBUG  -DNDEBUG -fPIE    -Wno-enum-compare-switch -std=c++11 -o CMakeFiles/cmTC_5fa96.dir/src.cxx.o -c /home/josemiguel/Documentos/TFG/desktop_version/example-standalone-inferencing/example-standalone-inferencing-linux/opencv/build_opencv/CMakeFiles/CMakeTmp/src.cxx
/home/josemiguel/Documentos/TFG/desktop_version/example-standalone-inferencing/example-standalone-inferencing-linux/opencv/build_opencv/CMakeFiles/CMakeTmp/src.cxx:1: warning: ignoring ‘#pragma  ’ [-Wunknown-pragmas]
    1 | #pragma
      | 
cc1plus: note: unrecognized command-line option ‘-Wno-enum-compare-switch’ may have been intended to silence earlier diagnostics
Linking CXX executable cmTC_5fa96
/usr/bin/cmake -E cmake_link_script CMakeFiles/cmTC_5fa96.dir/link.txt --verbose=1
/usr/bin/c++    -fsigned-char -W -Wall -Werror=return-type -Werror=non-virtual-dtor -Werror=address -Werror=sequence-point -Wformat -Werror=format-security -Winit-self -Wpointer-arith -Wuninitialized -Wsuggest-override -Wno-delete-non-virtual-dtor -Wno-comment -Wimplicit-fallthrough=3 -Wno-strict-overflow -fdiagnostics-show-option -Wno-long-long -pthread -fomit-frame-pointer -ffunction-sections -fdata-sections  -msse -msse2 -msse3 -fvisibility=hidden -fvisibility-inlines-hidden -Wno-deprecated -Wno-missing-declarations -Wno-shadow -Wno-unused-parameter -Wno-unused-local-typedefs -Wno-sign-compare -Wno-sign-promo -Wno-undef -Wno-ignored-qualifiers -Wno-extra -Wno-unused-function -Wno-unused-const-variable -Wno-invalid-offsetof  -O3 -DNDEBUG  -DNDEBUG   -Wl,--gc-sections -Wl,--as-needed  CMakeFiles/cmTC_5fa96.dir/src.cxx.o -o cmTC_5fa96 
gmake[1]: se sale del directorio '/home/josemiguel/Documentos/TFG/desktop_version/example-standalone-inferencing/example-standalone-inferencing-linux/opencv/build_opencv/CMakeFiles/CMakeTmp'


===== END =====

Build output check failed:
    Regex: 'unrecognized .*option'
    Output line: 'cc1plus: note: unrecognized command-line option ‘-Wno-inconsistent-missing-override’ may have been intended to silence earlier diagnostics'
Compilation failed:
    source file: '/home/josemiguel/Documentos/TFG/desktop_version/example-standalone-inferencing/example-standalone-inferencing-linux/opencv/build_opencv/CMakeFiles/CMakeTmp/src.cxx'
    check option: ' -Wno-inconsistent-missing-override'
===== BUILD LOG =====
Change Dir: /home/josemiguel/Documentos/TFG/desktop_version/example-standalone-inferencing/example-standalone-inferencing-linux/opencv/build_opencv/CMakeFiles/CMakeTmp

Run Build Command(s):/usr/bin/gmake -f Makefile cmTC_0d9d7/fast && /usr/bin/gmake  -f CMakeFiles/cmTC_0d9d7.dir/build.make CMakeFiles/cmTC_0d9d7.dir/build
gmake[1]: se entra en el directorio '/home/josemiguel/Documentos/TFG/desktop_version/example-standalone-inferencing/example-standalone-inferencing-linux/opencv/build_opencv/CMakeFiles/CMakeTmp'
Building CXX object CMakeFiles/cmTC_0d9d7.dir/src.cxx.o
/usr/bin/c++   -fsigned-char -W -Wall -Werror=return-type -Werror=non-virtual-dtor -Werror=address -Werror=sequence-point -Wformat -Werror=format-security -Winit-self -Wpointer-arith -Wuninitialized -Wno-delete-non-virtual-dtor -Wno-comment -Wimplicit-fallthrough=3 -Wno-strict-overflow -fdiagnostics-show-option -Wno-long-long -pthread -fomit-frame-pointer -ffunction-sections -fdata-sections  -msse -msse2 -msse3 -fvisibility=hidden -fvisibility-inlines-hidden -Wno-deprecated -Wno-missing-declarations -Wno-shadow -Wno-unused-parameter -Wno-unused-local-typedefs -Wno-sign-compare -Wno-sign-promo -Wno-undef -Wno-ignored-qualifiers -Wno-extra -Wno-unused-function -Wno-unused-const-variable -Wno-invalid-offsetof -Wno-suggest-override  -O3 -DNDEBUG  -DNDEBUG -fPIE    -Wno-inconsistent-missing-override -std=c++11 -o CMakeFiles/cmTC_0d9d7.dir/src.cxx.o -c /home/josemiguel/Documentos/TFG/desktop_version/example-standalone-inferencing/example-standalone-inferencing-linux/opencv/build_opencv/CMakeFiles/CMakeTmp/src.cxx
/home/josemiguel/Documentos/TFG/desktop_version/example-standalone-inferencing/example-standalone-inferencing-linux/opencv/build_opencv/CMakeFiles/CMakeTmp/src.cxx:1: warning: ignoring ‘#pragma  ’ [-Wunknown-pragmas]
    1 | #pragma
      | 
cc1plus: note: unrecognized command-line option ‘-Wno-inconsistent-missing-override’ may have been intended to silence earlier diagnostics
Linking CXX executable cmTC_0d9d7
/usr/bin/cmake -E cmake_link_script CMakeFiles/cmTC_0d9d7.dir/link.txt --verbose=1
/usr/bin/c++    -fsigned-char -W -Wall -Werror=return-type -Werror=non-virtual-dtor -Werror=address -Werror=sequence-point -Wformat -Werror=format-security -Winit-self -Wpointer-arith -Wuninitialized -Wno-delete-non-virtual-dtor -Wno-comment -Wimplicit-fallthrough=3 -Wno-strict-overflow -fdiagnostics-show-option -Wno-long-long -pthread -fomit-frame-pointer -ffunction-sections -fdata-sections  -msse -msse2 -msse3 -fvisibility=hidden -fvisibility-inlines-hidden -Wno-deprecated -Wno-missing-declarations -Wno-shadow -Wno-unused-parameter -Wno-unused-local-typedefs -Wno-sign-compare -Wno-sign-promo -Wno-undef -Wno-ignored-qualifiers -Wno-extra -Wno-unused-function -Wno-unused-const-variable -Wno-invalid-offsetof -Wno-suggest-override  -O3 -DNDEBUG  -DNDEBUG   -Wl,--gc-sections -Wl,--as-needed  CMakeFiles/cmTC_0d9d7.dir/src.cxx.o -o cmTC_0d9d7 
gmake[1]: se sale del directorio '/home/josemiguel/Documentos/TFG/desktop_version/example-standalone-inferencing/example-standalone-inferencing-linux/opencv/build_opencv/CMakeFiles/CMakeTmp'


===== END =====

Determining if the include file sys/videoio.h exists failed with the following output:
Change Dir: /home/josemiguel/Documentos/TFG/desktop_version/example-standalone-inferencing/example-standalone-inferencing-linux/opencv/build_opencv/CMakeFiles/CMakeTmp

Run Build Command(s):/usr/bin/gmake -f Makefile cmTC_fa6af/fast && /usr/bin/gmake  -f CMakeFiles/cmTC_fa6af.dir/build.make CMakeFiles/cmTC_fa6af.dir/build
gmake[1]: se entra en el directorio '/home/josemiguel/Documentos/TFG/desktop_version/example-standalone-inferencing/example-standalone-inferencing-linux/opencv/build_opencv/CMakeFiles/CMakeTmp'
Building C object CMakeFiles/cmTC_fa6af.dir/CheckIncludeFile.c.o
/usr/bin/cc   -fsigned-char -W -Wall -Werror=return-type -Werror=address -Werror=sequence-point -Wformat -Werror=format-security -Wmissing-declarations -Wmissing-prototypes -Wstrict-prototypes -Wundef -Winit-self -Wpointer-arith -Wshadow -Wuninitialized -Wno-comment -Wimplicit-fallthrough=3 -Wno-strict-overflow -fdiagnostics-show-option -Wno-long-long -pthread -fomit-frame-pointer -ffunction-sections -fdata-sections  -msse -msse2 -msse3 -fvisibility=hidden  -O3 -DNDEBUG  -DNDEBUG -fPIE -o CMakeFiles/cmTC_fa6af.dir/CheckIncludeFile.c.o -c /home/josemiguel/Documentos/TFG/desktop_version/example-standalone-inferencing/example-standalone-inferencing-linux/opencv/build_opencv/CMakeFiles/CMakeTmp/CheckIncludeFile.c
/home/josemiguel/Documentos/TFG/desktop_version/example-standalone-inferencing/example-standalone-inferencing-linux/opencv/build_opencv/CMakeFiles/CMakeTmp/CheckIncludeFile.c:1:10: fatal error: sys/videoio.h: No existe el archivo o el directorio
    1 | #include <sys/videoio.h>
      |          ^~~~~~~~~~~~~~~
compilation terminated.
gmake[1]: *** [CMakeFiles/cmTC_fa6af.dir/build.make:78: CMakeFiles/cmTC_fa6af.dir/CheckIncludeFile.c.o] Error 1
gmake[1]: se sale del directorio '/home/josemiguel/Documentos/TFG/desktop_version/example-standalone-inferencing/example-standalone-inferencing-linux/opencv/build_opencv/CMakeFiles/CMakeTmp'
gmake: *** [Makefile:127: cmTC_fa6af/fast] Error 2



Build output check failed:
    Regex: 'unrecognized .*option'
    Output line: 'cc1plus: note: unrecognized command-line option ‘-Wno-unused-private-field’ may have been intended to silence earlier diagnostics'
Compilation failed:
    source file: '/home/josemiguel/Documentos/TFG/desktop_version/example-standalone-inferencing/example-standalone-inferencing-linux/opencv/build_opencv/CMakeFiles/CMakeTmp/src.cxx'
    check option: ' -Wno-unused-private-field'
===== BUILD LOG =====
Change Dir: /home/josemiguel/Documentos/TFG/desktop_version/example-standalone-inferencing/example-standalone-inferencing-linux/opencv/build_opencv/CMakeFiles/CMakeTmp

Run Build Command(s):/usr/bin/gmake -f Makefile cmTC_15ad8/fast && /usr/bin/gmake  -f CMakeFiles/cmTC_15ad8.dir/build.make CMakeFiles/cmTC_15ad8.dir/build
gmake[1]: se entra en el directorio '/home/josemiguel/Documentos/TFG/desktop_version/example-standalone-inferencing/example-standalone-inferencing-linux/opencv/build_opencv/CMakeFiles/CMakeTmp'
Building CXX object CMakeFiles/cmTC_15ad8.dir/src.cxx.o
/usr/bin/c++   -fsigned-char -W -Wall -Werror=return-type -Werror=non-virtual-dtor -Werror=address -Werror=sequence-point -Wformat -Werror=format-security -Wmissing-declarations -Wundef -Winit-self -Wpointer-arith -Wshadow -Wsign-promo -Wuninitialized -Wsuggest-override -Wno-delete-non-virtual-dtor -Wno-comment -Wimplicit-fallthrough=3 -Wno-strict-overflow -fdiagnostics-show-option -Wno-long-long -pthread -fomit-frame-pointer -ffunction-sections -fdata-sections  -msse -msse2 -msse3 -fvisibility=hidden -fvisibility-inlines-hidden -Wno-unused-function -Wno-deprecated-declarations -Wno-overloaded-virtual  -O3 -DNDEBUG  -DNDEBUG -fPIE    -Wno-unused-private-field -std=c++11 -o CMakeFiles/cmTC_15ad8.dir/src.cxx.o -c /home/josemiguel/Documentos/TFG/desktop_version/example-standalone-inferencing/example-standalone-inferencing-linux/opencv/build_opencv/CMakeFiles/CMakeTmp/src.cxx
/home/josemiguel/Documentos/TFG/desktop_version/example-standalone-inferencing/example-standalone-inferencing-linux/opencv/build_opencv/CMakeFiles/CMakeTmp/src.cxx:1: warning: ignoring ‘#pragma  ’ [-Wunknown-pragmas]
    1 | #pragma
      | 
cc1plus: note: unrecognized command-line option ‘-Wno-unused-private-field’ may have been intended to silence earlier diagnostics
Linking CXX executable cmTC_15ad8
/usr/bin/cmake -E cmake_link_script CMakeFiles/cmTC_15ad8.dir/link.txt --verbose=1
/usr/bin/c++    -fsigned-char -W -Wall -Werror=return-type -Werror=non-virtual-dtor -Werror=address -Werror=sequence-point -Wformat -Werror=format-security -Wmissing-declarations -Wundef -Winit-self -Wpointer-arith -Wshadow -Wsign-promo -Wuninitialized -Wsuggest-override -Wno-delete-non-virtual-dtor -Wno-comment -Wimplicit-fallthrough=3 -Wno-strict-overflow -fdiagnostics-show-option -Wno-long-long -pthread -fomit-frame-pointer -ffunction-sections -fdata-sections  -msse -msse2 -msse3 -fvisibility=hidden -fvisibility-inlines-hidden -Wno-unused-function -Wno-deprecated-declarations -Wno-overloaded-virtual  -O3 -DNDEBUG  -DNDEBUG   -Wl,--gc-sections -Wl,--as-needed  CMakeFiles/cmTC_15ad8.dir/src.cxx.o -o cmTC_15ad8 
gmake[1]: se sale del directorio '/home/josemiguel/Documentos/TFG/desktop_version/example-standalone-inferencing/example-standalone-inferencing-linux/opencv/build_opencv/CMakeFiles/CMakeTmp'


===== END =====

